<?xml version="1.0" encoding="UTF-8"?>
<testng-results skipped="0" failed="0" ignored="0" total="1" passed="1">
  <reporter-output>
  </reporter-output>
  <suite name="Default suite" duration-ms="6002" started-at="2018-09-04T10:50:43Z" finished-at="2018-09-04T10:50:49Z">
    <groups>
    </groups>
    <test name="Default test" duration-ms="6002" started-at="2018-09-04T10:50:43Z" finished-at="2018-09-04T10:50:49Z">
      <class name="tests.testIFrame">
        <test-method status="PASS" signature="beforeTest()[pri:0, instance:tests.testIFrame@59f99ea]" name="beforeTest" is-config="true" duration-ms="4583" started-at="2018-09-04T10:50:43Z" finished-at="2018-09-04T10:50:47Z">
          <reporter-output>
          </reporter-output>
        </test-method> <!-- beforeTest -->
        <test-method status="PASS" signature="test()[pri:0, instance:tests.testIFrame@59f99ea]" name="test" duration-ms="1393" started-at="2018-09-04T10:50:47Z" finished-at="2018-09-04T10:50:49Z">
          <reporter-output>
          </reporter-output>
        </test-method> <!-- test -->
      </class> <!-- tests.testIFrame -->
    </test> <!-- Default test -->
  </suite> <!-- Default suite -->
</testng-results>
